Determining if the pthread_create exist failed with the following output:
Change Dir: /home/u/Practicas_infind/build-Barker-Desktop-Default/CMakeFiles/CMakeTmp

Run Build Command:"/usr/bin/make" "cmTC_81cf8/fast"
/usr/bin/make -f CMakeFiles/cmTC_81cf8.dir/build.make CMakeFiles/cmTC_81cf8.dir/build
make[1]: Entering directory '/home/u/Practicas_infind/build-Barker-Desktop-Default/CMakeFiles/CMakeTmp'
Building C object CMakeFiles/cmTC_81cf8.dir/CheckSymbolExists.c.o
/usr/bin/gcc    -o CMakeFiles/cmTC_81cf8.dir/CheckSymbolExists.c.o   -c /home/u/Practicas_infind/build-Barker-Desktop-Default/CMakeFiles/CMakeTmp/CheckSymbolExists.c
Linking C executable cmTC_81cf8
/usr/bin/cmake -E cmake_link_script CMakeFiles/cmTC_81cf8.dir/link.txt --verbose=1
/usr/bin/gcc      -rdynamic CMakeFiles/cmTC_81cf8.dir/CheckSymbolExists.c.o  -o cmTC_81cf8 
CMakeFiles/cmTC_81cf8.dir/CheckSymbolExists.c.o: In function `main':
CheckSymbolExists.c:(.text+0x1b): undefined reference to `pthread_create'
collect2: error: ld returned 1 exit status
CMakeFiles/cmTC_81cf8.dir/build.make:97: recipe for target 'cmTC_81cf8' failed
make[1]: *** [cmTC_81cf8] Error 1
make[1]: Leaving directory '/home/u/Practicas_infind/build-Barker-Desktop-Default/CMakeFiles/CMakeTmp'
Makefile:126: recipe for target 'cmTC_81cf8/fast' failed
make: *** [cmTC_81cf8/fast] Error 2

File /home/u/Practicas_infind/build-Barker-Desktop-Default/CMakeFiles/CMakeTmp/CheckSymbolExists.c:
/* */
#include <pthread.h>

int main(int argc, char** argv)
{
  (void)argv;
#ifndef pthread_create
  return ((int*)(&pthread_create))[argc];
#else
  (void)argc;
  return 0;
#endif
}

Determining if the function pthread_create exists in the pthreads failed with the following output:
Change Dir: /home/u/Practicas_infind/build-Barker-Desktop-Default/CMakeFiles/CMakeTmp

Run Build Command:"/usr/bin/make" "cmTC_a9964/fast"
/usr/bin/make -f CMakeFiles/cmTC_a9964.dir/build.make CMakeFiles/cmTC_a9964.dir/build
make[1]: Entering directory '/home/u/Practicas_infind/build-Barker-Desktop-Default/CMakeFiles/CMakeTmp'
Building C object CMakeFiles/cmTC_a9964.dir/CheckFunctionExists.c.o
/usr/bin/gcc   -DCHECK_FUNCTION_EXISTS=pthread_create   -o CMakeFiles/cmTC_a9964.dir/CheckFunctionExists.c.o   -c /usr/share/cmake-3.10/Modules/CheckFunctionExists.c
Linking C executable cmTC_a9964
/usr/bin/cmake -E cmake_link_script CMakeFiles/cmTC_a9964.dir/link.txt --verbose=1
/usr/bin/gcc  -DCHECK_FUNCTION_EXISTS=pthread_create    -rdynamic CMakeFiles/cmTC_a9964.dir/CheckFunctionExists.c.o  -o cmTC_a9964 -lpthreads 
/usr/bin/ld: cannot find -lpthreads
collect2: error: ld returned 1 exit status
CMakeFiles/cmTC_a9964.dir/build.make:97: recipe for target 'cmTC_a9964' failed
make[1]: *** [cmTC_a9964] Error 1
make[1]: Leaving directory '/home/u/Practicas_infind/build-Barker-Desktop-Default/CMakeFiles/CMakeTmp'
Makefile:126: recipe for target 'cmTC_a9964/fast' failed
make: *** [cmTC_a9964/fast] Error 2


